<?xml version="1.0" encoding="UTF-8"?>
<testsuite name="kz.diploma.securefinance.FormatterTest" tests="4" skipped="0" failures="0" errors="0" timestamp="2026-04-27T04:48:33" hostname="AZAMAT" time="0.029">
  <properties/>
  <testcase name="formatMoney нөл шығыны дұрыс форматталуы керек" classname="kz.diploma.securefinance.FormatterTest" time="0.017"/>
  <testcase name="formatMoney KZT валютасы ₸ символымен шығуы керек" classname="kz.diploma.securefinance.FormatterTest" time="0.002"/>
  <testcase name="formatMoney USD валютасы долл символымен шығуы керек" classname="kz.diploma.securefinance.FormatterTest" time="0.001"/>
  <testcase name="toFormattedDate белгілі бір timestamp-ті күн форматтауы керек" classname="kz.diploma.securefinance.FormatterTest" time="0.008"/>
  <system-out><![CDATA[]]></system-out>
  <system-err><![CDATA[]]></system-err>
</testsuite>
