<?xml version="1.0" encoding="UTF-8"?>
<testsuite name="kz.diploma.securefinance.ProcessDeathTest" tests="13" skipped="0" failures="0" errors="0" timestamp="2026-04-27T04:48:33" hostname="AZAMAT" time="0.338">
  <properties/>
  <testcase name="process death кейін shouldLock false қайтаруы керек" classname="kz.diploma.securefinance.ProcessDeathTest" time="0.003"/>
  <testcase name="lock кейін getDbKey null қайтаруы керек" classname="kz.diploma.securefinance.ProcessDeathTest" time="0.001"/>
  <testcase name="touch кейін auto-lock таймері ұзартылуы керек" classname="kz.diploma.securefinance.ProcessDeathTest" time="0.222"/>
  <testcase name="lock кейін shouldLock false қайтаруы керек" classname="kz.diploma.securefinance.ProcessDeathTest" time="0.001"/>
  <testcase name="unlock кейін isUnlocked true болуы керек" classname="kz.diploma.securefinance.ProcessDeathTest" time="0.0"/>
  <testcase name="ardаша unlock→lock→unlock циклі дұрыс жұмыс жасауы керек" classname="kz.diploma.securefinance.ProcessDeathTest" time="0.001"/>
  <testcase name="lock кейін бірден unlock жасауға болуы керек" classname="kz.diploma.securefinance.ProcessDeathTest" time="0.0"/>
  <testcase name="unlock key копия ретінде сақталуы керек" classname="kz.diploma.securefinance.ProcessDeathTest" time="0.001"/>
  <testcase name="fragment guard isUnlocked true кезінде жіберуі керек" classname="kz.diploma.securefinance.ProcessDeathTest" time="0.0"/>
  <testcase name="process death кейін isUnlocked false болуы керек" classname="kz.diploma.securefinance.ProcessDeathTest" time="0.0"/>
  <testcase name="fragment guard isUnlocked false кезінде блоктауы керек" classname="kz.diploma.securefinance.ProcessDeathTest" time="0.0"/>
  <testcase name="auto-lock timeout өткенде shouldLock true қайтаруы керек" classname="kz.diploma.securefinance.ProcessDeathTest" time="0.106"/>
  <testcase name="lock кейін isUnlocked false болуы керек" classname="kz.diploma.securefinance.ProcessDeathTest" time="0.001"/>
  <system-out><![CDATA[]]></system-out>
  <system-err><![CDATA[]]></system-err>
</testsuite>
